<?xml version="1.0" encoding="UTF-8"?>
<!-- Generated by org.testng.reporters.JUnitReportReporter -->
<testsuite skipped="0" hostname="DELL-PC" name="project.Acme" tests="1" failures="0" timestamp="16 Nov 2019 11:17:06 GMT" time="25.629" errors="0">
  <testcase name="runAcme" time="25.629" classname="project.Acme"/>
</testsuite> <!-- project.Acme -->
